C51 COMPILER V9.60.7.0   PWM                                                               07/31/2025 08:44:44 PAGE 1   


C51 COMPILER V9.60.7.0, COMPILATION OF MODULE PWM
OBJECT MODULE PLACED IN .\Release\Objects\pwm.obj
COMPILER INVOKED BY: C:\Keil_v5\C51\BIN\C51.EXE ..\..\User\pwm.c LARGE OPTIMIZE(8,SPEED) BROWSE INTVECTOR(0X000C) INCDIR
                    -(..\..\Libraries\Include;..\..\User) INTERVAL(3) DEBUG OBJECTEXTEND PRINT(.\Release\Listings\pwm.lst) OBJECT(.\Release\O
                    -bjects\pwm.obj)

line level    source

   1          #include "pwm.h"
   2          #include "time0.h"
   3          
   4          volatile u16 c_duty = 0;         // å½“å‰è®¾ç½®çš„å ç©ºæ¯”
   5          volatile u16 adjust_duty = 6000; // æœ€ç»ˆè¦è°ƒèŠ‚æˆçš„å ç©ºæ¯”
   6          // bit jump_flag = 0;
   7          // bit max_flag = 0; // æœ€å¤§å ç©ºæ¯”çš„æ ‡å¿—ä½
   8          
   9          extern volatile bit flag_is_pin_9_vol_bounce; // æ ‡å¿—ä½ï¼Œ9è„šç”µå‹æ˜¯å¦å‘ç”Ÿäº†è·³åŠ¨ï¼ˆæ˜¯å¦å› ä¸
             -ºå‘åŠ¨æœºåŠŸç‡ä¸ç¨³å®šå¯¼è‡´è·³åŠ¨ï¼‰
  10          
  11          void pwm_init(void)
  12          {
  13   1          STMR_CNTCLR |= STMR_0_CNT_CLR(0x1);
  14   1      #define STMR0_PEROID_VAL (SYSCLK / 8000 - 1)
  15   1          STMR0_PSC = STMR_PRESCALE_VAL(0x07);
  16   1          STMR0_PRH = STMR_PRD_VAL_H((STMR0_PEROID_VAL >> 8) & 0xFF);
  17   1          STMR0_PRL = STMR_PRD_VAL_L((STMR0_PEROID_VAL >> 0) & 0xFF);
  18   1          STMR0_CMPAH = STMR_CMPA_VAL_H(((0) >> 8) & 0xFF); // æ¯”è¾ƒå€¼
  19   1          STMR0_CMPAL = STMR_CMPA_VAL_L(((0) >> 0) & 0xFF); // æ¯”è¾ƒå€¼
  20   1          STMR_PWMVALA |= STMR_0_PWMVALA(0x1);
  21   1      
  22   1          STMR_CNTMD |= STMR_0_CNT_MODE(0x1); // è¿ç»­è®¡æ•°æ¨¡å¼
  23   1          STMR_LOADEN |= STMR_0_LOAD_EN(0x1); // è‡ªåŠ¨è£…è½½ä½¿èƒ½
  24   1          STMR_CNTCLR |= STMR_0_CNT_CLR(0x1); //
  25   1          STMR_CNTEN |= STMR_0_CNT_EN(0x1);   // ä½¿èƒ½
  26   1          STMR_PWMEN |= STMR_0_PWM_EN(0x1);   // PWMè¾“å‡ºä½¿èƒ½
  27   1          P1_MD1 &= ~GPIO_P16_MODE_SEL(0x03);
  28   1          P1_MD1 |= GPIO_P16_MODE_SEL(0x01);
  29   1          P1_MD1 &= ~GPIO_P14_MODE_SEL(0x03);
  30   1          P1_MD1 |= GPIO_P14_MODE_SEL(0x01);
  31   1          FOUT_S14 = GPIO_FOUT_AF_FUNC;      // AFåŠŸèƒ½è¾“å‡º
  32   1          FOUT_S16 = GPIO_FOUT_STMR0_PWMOUT; // stmr0_pwmout
  33   1      }
  34          
  35          // 14è„šçš„PWMè°ƒèŠ‚
  36          void set_pwm_duty(void)
  37          {
  38   1          STMR0_CMPAH = STMR_CMPA_VAL_H(((c_duty) >> 8) & 0xFF); // æ¯”è¾ƒå€¼
  39   1          STMR0_CMPAL = STMR_CMPA_VAL_L(((c_duty) >> 0) & 0xFF); // æ¯”è¾ƒå€¼
  40   1          STMR_LOADEN |= STMR_0_LOAD_EN(0x1);                    // è‡ªåŠ¨è£…è½½ä½¿èƒ½
  41   1      }
  42          
  43          static u16 t_count = 0;
  44          static u16 t_adc_max = 0;
  45          static u16 t_adc_min = 4096;
  46          static u8 over_drive_status = 0;
  47          #define OVER_DRIVE_RESTART_TIME (30)
  48          
  49          static volatile u16 filter_buff_2[270] = {0};
  50          static volatile u16 buff_index_2 = 0;
  51          
  52          // ç”µæºç”µå‹ä½äº170V-AC,å¯åŠ¨ä½å‹ä¿æŠ¤ï¼Œç”µæºç”µå‹é«˜äº170V-ACï¼Œå…³é—­ä½å‹ä¿æŠ¤
C51 COMPILER V9.60.7.0   PWM                                                               07/31/2025 08:44:44 PAGE 2   

  53          // æ¸©åº¦æ­£å¸¸ï¼Œæ‰ä¼šè¿›å…¥åˆ°è¿™é‡Œ
  54          void according_pin9_to_adjust_pwm(void)
  55          {
  56   1      #define ADC_DEAD_ZONE_NEAR_170VAC (30) // 170VACé™„è¿‘çš„adå€¼æ­»åŒº
  57   1          static volatile u16 filter_buff[32] = {
  58   1              0xFFFF,
  59   1          };
  60   1          static volatile u8 buff_index = 0;
  61   1          static volatile u8 flag_is_sub_power = 0;  // æ ‡å¿—ä½ï¼Œæ˜¯å¦è¦è¿ç»­å‡åŠŸç‡
  62   1          static volatile u8 flag_is_sub_power2 = 0; // æ ‡å¿—ä½ï¼Œæ˜¯å¦è¦è¿ç»­å‡åŠŸç‡
  63   1          static volatile bit flag_is_add_power = 0; // æ ‡å¿—ä½ï¼Œæ˜¯å¦è¦è¿ç»­å¢åŠŸç‡
  64   1      
  65   1          volatile u32 adc_pin_9_avg = 0; // å­˜æ”¾å¹³å‡å€¼
  66   1      
  67   1          if (filter_buff[0] == 0xFFFF) // å¦‚æœæ˜¯ç¬¬ä¸€æ¬¡æ£€æµ‹ï¼Œè®©æ•°ç»„å†…æ‰€æœ‰å…ƒç´ éƒ½å˜ä¸ºç¬¬ä¸€æ¬¡
             -é‡‡é›†çš„æ•°æ®ï¼Œæ–¹ä¾¿å¿«é€Ÿä½œå‡ºå˜åŒ–
  68   1          {
  69   2              u16 i = 0;
  70   2              for (; i < ARRAY_SIZE(filter_buff); i++)
  71   2              {
  72   3                  filter_buff[i] = adc_val_pin_9;
  73   3              }
  74   2              for (i = 0; i < 270; i++)
  75   2              {
  76   3                  filter_buff_2[i] = adc_val_pin_9;
  77   3              }
  78   2          }
  79   1          else
  80   1          {
  81   2              u16 temp = filter_buff[buff_index];
  82   2              temp += adc_val_pin_9;
  83   2              temp >>= 1;
  84   2              filter_buff[buff_index] = temp;
  85   2              buff_index++;
  86   2              if (buff_index >= ARRAY_SIZE(filter_buff))
  87   2              {
  88   3                  buff_index = 0;
  89   3              }
  90   2          }
  91   1      
  92   1          { // å–å‡ºæ•°ç»„å†…çš„æ•°æ®ï¼Œè®¡ç®—å¹³å‡å€¼
  93   2              u16 i = 0;
  94   2              for (; i < ARRAY_SIZE(filter_buff); i++)
  95   2              {
  96   3                  adc_pin_9_avg += filter_buff[i];
  97   3              }
  98   2      
  99   2              // adc_pin_9_avg /= ARRAY_SIZE(filter_buff);
 100   2              adc_pin_9_avg >>= 5;
 101   2          } // å–å‡ºæ•°ç»„å†…çš„æ•°æ®ï¼Œè®¡ç®—å¹³å‡å€¼
 102   1      
 103   1          filter_buff_2[buff_index_2] = adc_pin_9_avg;
 104   1          buff_index_2++;
 105   1          if (buff_index_2 >= 270)
 106   1          {
 107   2              buff_index_2 = 0;
 108   2          }
 109   1      
 110   1      #if USE_MY_DEBUG
                  // printf(",b=%lu,", adc_pin_9_avg);
              #endif
 113   1      
C51 COMPILER V9.60.7.0   PWM                                                               07/31/2025 08:44:44 PAGE 3   

 114   1          // if (adc_pin_9_avg > t_adc_max)
 115   1          //     t_adc_max = adc_pin_9_avg;
 116   1          // if (adc_pin_9_avg < t_adc_min)
 117   1          //     t_adc_min = adc_pin_9_avg;
 118   1          // if (t_count < 270)
 119   1          // {
 120   1          //     t_count++;
 121   1          //     if (t_count == 270)
 122   1          //     {
 123   1          //         if ((t_adc_max - t_adc_min) > 80 && t_adc_max > 2228)
 124   1          //         { // ç”µå‹æ³¢åŠ¨
 125   1          //             over_drive_status = OVER_DRIVE_RESTART_TIME;
 126   1          //         }
 127   1          //         else
 128   1          //         {
 129   1          //             if (over_drive_status)
 130   1          //                 over_drive_status--;
 131   1          //         }
 132   1          //         t_count = 0;
 133   1          //         t_adc_max = 0;
 134   1          //         t_adc_min = 4096;
 135   1          //     }
 136   1          // }
 137   1          {
 138   2              u16 i = 0;
 139   2              t_adc_max = 0;
 140   2              t_adc_min = 4096;
 141   2              for (; i < 270; i++)
 142   2              {
 143   3                  if (filter_buff_2[i] > t_adc_max)
 144   3                      t_adc_max = filter_buff_2[i];
 145   3                  if (filter_buff_2[i] < t_adc_min)
 146   3                      t_adc_min = filter_buff_2[i];
 147   3                  if ((t_adc_max - t_adc_min) > 80)
 148   3                  { // ç”µå‹æ³¢åŠ¨
 149   4                      over_drive_status = OVER_DRIVE_RESTART_TIME;
 150   4                  }
 151   3                  else
 152   3                  {
 153   4                      if (over_drive_status)
 154   4                          over_drive_status--;
 155   4                  }
 156   3              }
 157   2      
 158   2              // {
 159   2              //     static u8 cnt = 0;
 160   2              //     cnt++;
 161   2              //     if (cnt >= 100)
 162   2              //     {
 163   2              //         cnt = 0;
 164   2              //         printf("__LINE__ %u\n", __LINE__);
 165   2              //     }
 166   2              // }
 167   2          }
 168   1      
 169   1          if (adc_pin_9_avg >= (1645 /*1475*/ + ADC_DEAD_ZONE_NEAR_170VAC) || (flag_is_add_power && adc_pin_9_av
             -g > (1645 /*1475*/ + ADC_DEAD_ZONE_NEAR_170VAC))) // å¤§äº 170VAC
 170   1          {
 171   2              // å¤§äº170VACï¼Œæ¢å¤100%å ç©ºæ¯”ï¼Œä½†æ˜¯ä¼˜å…ˆçº§æ¯” "9è„šç”µå‹æ£€æµ‹åˆ°å‘é€æœºåŠŸç‡ä¸ç
             -¨³å®šï¼Œè¿›è€Œé™åŠŸç‡" ä½
 172   2              flag_is_sub_power = 0;
 173   2              flag_is_sub_power2 = 0;
C51 COMPILER V9.60.7.0   PWM                                                               07/31/2025 08:44:44 PAGE 4   

 174   2              flag_is_add_power = 1;
 175   2      #if 0
                      // åˆ¤æ–­æ˜¯å¦å˜åŒ–PWM
                      if (adc_pin_9_avg > ADC_VAL_WHEN_UNSTABLE) // 9è„šç”µå‹è¶…è¿‡ä¸ç¨³å®šé˜ˆå€¼å¯¹åº”çš„ç”µå‹
                      {
                          if (flag_is_pwm_sub_time_comes) // pwmå ç©ºæ¯”é€’å‡æ—¶é—´åˆ°æ¥
                          {
                              flag_is_pwm_sub_time_comes = 0;
                              // è¿‡è½½ pwm--
                              // if (adjust_duty > PWM_DUTY_50_PERCENT)
                              if (adjust_duty > PWM_DUTY_30_PERCENT)
                              {
                                  adjust_duty -= 1;
                              }
                              else
                              {
                                  // adjust_duty = PWM_DUTY_50_PERCENT;
                                  adjust_duty = PWM_DUTY_30_PERCENT;
                              }
                          }
                      }
                      else if (adc_pin_9_avg < (ADC_VAL_WHEN_UNSTABLE - 50))
                      {
                          // æœªæ»¡è½½ pwm++
                          if (flag_is_pwm_add_time_comes) // pwmå ç©ºæ¯”é€’å¢æ—¶é—´åˆ°æ¥
                          {
                              flag_is_pwm_add_time_comes = 0;
                              if (adjust_duty < 6000)
                              {
                                  adjust_duty++;
                              }
                          }
                      }
              #else
 208   2              if (over_drive_status == OVER_DRIVE_RESTART_TIME) // 9è„šç”µå‹è¶…è¿‡ä¸ç¨³å®šé˜ˆå€¼å¯¹åº”çš„ç”µå
             -‹
 209   2              {
 210   3                  over_drive_status -= 1;
 211   3                  if (adjust_duty > PWM_DUTY_50_PERCENT)
 212   3                      // adjust_duty -= 300;
 213   3                      adjust_duty -= 1;
 214   3                  if (adjust_duty < PWM_DUTY_50_PERCENT)
 215   3                      adjust_duty = PWM_DUTY_50_PERCENT;
 216   3              }
 217   2              else if (over_drive_status == 0)
 218   2              {
 219   3                  // æœªæ»¡è½½ pwm++
 220   3                  if (flag_is_pwm_add_time_comes) // pwmå ç©ºæ¯”é€’å¢æ—¶é—´åˆ°æ¥
 221   3                  {
 222   4                      flag_is_pwm_add_time_comes = 0;
 223   4                      if (adjust_duty < 6000)
 224   4                      {
 225   5                          adjust_duty++;
 226   5                      }
 227   4                  }
 228   3              }
 229   2      #endif
 230   2          }
 231   1          else if (adc_pin_9_avg > (1475) && (adc_pin_9_avg <= (1645 /*1475*/) || flag_is_sub_power == 4)) // å°
             -äº 170VAC
 232   1          {
 233   2              // é”å®šæœ€å¤§çš„å ç©ºæ¯”ä¸º50%ï¼Œå¹¶ä¸”ç»™ç›¸åº”æ ‡å¿—ä½ç½®ä¸€
C51 COMPILER V9.60.7.0   PWM                                                               07/31/2025 08:44:44 PAGE 5   

 234   2              if (flag_is_pwm_sub_time_comes) // pwmå ç©ºæ¯”é€’å‡æ—¶é—´åˆ°æ¥
 235   2              {
 236   3                  flag_is_pwm_sub_time_comes = 0;
 237   3                  // if (flag_is_sub_power == 0)
 238   3                  //     flag_is_sub_power = 1;
 239   3                  // else if (flag_is_sub_power == 1)
 240   3                  //     flag_is_sub_power = 2;
 241   3                  if (flag_is_sub_power < 4)
 242   3                      flag_is_sub_power++;
 243   3      
 244   3                  flag_is_sub_power2 = 0;
 245   3                  flag_is_add_power = 0;
 246   3      
 247   3                  if (adjust_duty > PWM_DUTY_50_PERCENT)
 248   3                  // if (adjust_duty > PWM_DUTY_30_PERCENT)
 249   3                  {
 250   4                      adjust_duty -= 2;
 251   4                  }
 252   3                  else if (adjust_duty < PWM_DUTY_50_PERCENT)
 253   3                  {
 254   4                      adjust_duty++;
 255   4                  }
 256   3                  else
 257   3                  {
 258   4                      adjust_duty = PWM_DUTY_50_PERCENT;
 259   4                      // adjust_duty = PWM_DUTY_30_PERCENT;
 260   4                  }
 261   3              }
 262   2          }
 263   1          else if (adc_pin_9_avg <= (1475) || (flag_is_sub_power2)) // å°äº 170VAC
 264   1          {
 265   2              // é”å®šæœ€å¤§çš„å ç©ºæ¯”ä¸º50%ï¼Œå¹¶ä¸”ç»™ç›¸åº”æ ‡å¿—ä½ç½®ä¸€
 266   2              if (flag_is_pwm_sub_time_comes) // pwmå ç©ºæ¯”é€’å‡æ—¶é—´åˆ°æ¥
 267   2              {
 268   3                  flag_is_pwm_sub_time_comes = 0;
 269   3                  // if (flag_is_sub_power2 < 4)
 270   3                  //     flag_is_sub_power2++;
 271   3      
 272   3                  flag_is_sub_power2 = 1;
 273   3                  flag_is_sub_power = 0;
 274   3                  flag_is_add_power = 0;
 275   3      
 276   3                  // if (adjust_duty > PWM_DUTY_50_PERCENT)
 277   3                  if (adjust_duty > PWM_DUTY_30_PERCENT)
 278   3                  {
 279   4                      adjust_duty -= 2;
 280   4                  }
 281   3                  else
 282   3                  {
 283   4                      // adjust_duty = PWM_DUTY_50_PERCENT;
 284   4                      adjust_duty = PWM_DUTY_30_PERCENT;
 285   4                  }
 286   3              }
 287   2          }
 288   1      }
 289          
 290          // æ ¹æ®9è„šçš„ç”µå‹æ¥è®¾å®š16è„šçš„ç”µå¹³ï¼ˆè¿‡å‹ä¿æŠ¤ï¼‰
 291          void according_pin9_to_adjust_pin16(void)
 292          {
 293   1          // å½“9è„šç”µå‹é«˜äº 3.6 Væ—¶ï¼Œ16è„šè¾“å‡º1KHz é«˜ç”µå¹³,ç”¨äºæ§åˆ¶Q2çš„å¯¼é€šï¼ˆç”¨äºå…³æœºï¼‰ã
             -€‚
 294   1          // if (adc_val_pin_9 >= 3511)
C51 COMPILER V9.60.7.0   PWM                                                               07/31/2025 08:44:44 PAGE 6   

 295   1          // {
 296   1          //     P14 = 1;
 297   1          // }
 298   1          // else if (adc_val_pin_9 <= 3511 - 40)
 299   1          {
 300   2              P14 = 0;
 301   2          }
 302   1      }
 303          
 304          // ç¼“æ…¢è°ƒèŠ‚å ç©ºæ¯”ï¼ˆç¼“æ…¢æå‡å’Œç¼“æ…¢ä¸‹é™ï¼‰
 305          void Adaptive_Duty(void)
 306          {
 307   1      #if 0  // ç¼“æ…¢è°ƒèŠ‚å ç©ºæ¯”çš„ç‰ˆæœ¬ï¼š
                  if (c_duty > adjust_duty)
                  {
                      c_duty--;
                  }
                  if (c_duty < adjust_duty)
                  {
                      c_duty++;
                  }
                  set_pwm_duty(); // å‡½æ•°å†…éƒ¨ä¼šå°† c_duty çš„å€¼ä»£å…¥ç›¸å…³å¯„å­˜å™¨ä¸­
              
                  if (c_duty >= 5800)
                  {
              
                      // delay_ms(15); // æ—¶é—´è¿˜éœ€è¦æµ‹è¯•è°ƒæ•´ä¸€ä¸‹
                      delay_ms(7);
                  }
                  else
                  {
                      // delay_ms(5);
                      delay_ms(3);
                  }
              #endif // ç¼“æ…¢è°ƒèŠ‚å ç©ºæ¯”çš„ç‰ˆæœ¬
 330   1      
 331   1      #if 1 // ç«‹å³è°ƒèŠ‚å ç©ºæ¯”çš„ç‰ˆæœ¬ï¼š
 332   1      
 333   1          c_duty = adjust_duty;
 334   1          set_pwm_duty(); // å‡½æ•°å†…éƒ¨ä¼šå°† c_duty çš„å€¼ä»£å…¥ç›¸å…³å¯„å­˜å™¨ä¸­
 335   1      
 336   1      #if USE_MY_DEBUG
                  // printf(",c=%u,", c_duty);
              #endif
 339   1      
 340   1      #endif // ç«‹å³è°ƒèŠ‚å ç©ºæ¯”çš„ç‰ˆæœ¬
 341   1      }
 342          
 343          // void pwm_adjust(void)
 344          // {
 345          
 346          // }


MODULE INFORMATION:   STATIC OVERLAYABLE
   CODE SIZE        =   1220    ----
   CONSTANT SIZE    =   ----    ----
   XDATA SIZE       =    620       6
   PDATA SIZE       =   ----    ----
   DATA SIZE        =   ----    ----
   IDATA SIZE       =   ----    ----
   BIT SIZE         =      1    ----
C51 COMPILER V9.60.7.0   PWM                                                               07/31/2025 08:44:44 PAGE 7   

END OF MODULE INFORMATION.


C51 COMPILATION COMPLETE.  0 WARNING(S),  0 ERROR(S)
